{
  "keys": [
    "beginTransaction",
    "commitTransaction",
    "createMigration",
    "migrate",
    "migrateDown",
    "migrateFresh",
    "migrateRefresh",
    "migrateReset",
    "migrateStatus",
    "rollbackTransaction",
    "updateJobs",
    "name",
    "afterSchemaInit",
    "allowIDOnCreate",
    "beforeSchemaInit",
    "blocksAsJSON",
    "createDatabase",
    "createExtensions",
    "defaultDrizzleSnapshot",
    "disableCreateDatabase",
    "drizzle",
    "enums",
    "extensions",
    "features",
    "fieldConstraints",
    "forceUseVercelPostgres",
    "foreignKeys",
    "generateSchema",
    "idType",
    "indexes",
    "initializing",
    "localesSuffix",
    "logger",
    "operators",
    "pgSchema",
    "pool",
    "poolOptions",
    "prodMigrations",
    "push",
    "rawRelations",
    "rawTables",
    "relations",
    "relationshipsSuffix",
    "schema",
    "schemaName",
    "sessions",
    "tableNameMap",
    "tables",
    "tablesFilter",
    "transactionOptions",
    "versionsSuffix",
    "connect",
    "count",
    "countDistinct",
    "countGlobalVersions",
    "countVersions",
    "create",
    "createGlobal",
    "createGlobalVersion",
    "createJSONQuery",
    "createVersion",
    "defaultIDType",
    "deleteMany",
    "deleteOne",
    "deleteVersions",
    "deleteWhere",
    "destroy",
    "dropDatabase",
    "execute",
    "find",
    "findDistinct",
    "findGlobal",
    "findGlobalVersions",
    "findOne",
    "findVersions",
    "init",
    "insert",
    "migrationDir",
    "packageName",
    "payload",
    "queryDrafts",
    "readReplicaOptions",
    "rejectInitializing",
    "requireDrizzleKit",
    "resolveInitializing",
    "updateGlobal",
    "updateGlobalVersion",
    "updateMany",
    "updateOne",
    "updateVersion",
    "upsert",
    "bulkOperationsSingleTransaction",
    "blocksToJsonMigrator"
  ],
  "hasDrizzle": true,
  "hasSchema": true
}
{
  "keys": [
    "beginTransaction",
    "commitTransaction",
    "createMigration",
    "migrate",
    "migrateDown",
    "migrateFresh",
    "migrateRefresh",
    "migrateReset",
    "migrateStatus",
    "rollbackTransaction",
    "updateJobs",
    "name",
    "afterSchemaInit",
    "allowIDOnCreate",
    "beforeSchemaInit",
    "blocksAsJSON",
    "createDatabase",
    "createExtensions",
    "defaultDrizzleSnapshot",
    "disableCreateDatabase",
    "drizzle",
    "enums",
    "extensions",
    "features",
    "fieldConstraints",
    "forceUseVercelPostgres",
    "foreignKeys",
    "generateSchema",
    "idType",
    "indexes",
    "initializing",
    "localesSuffix",
    "logger",
    "operators",
    "pgSchema",
    "pool",
    "poolOptions",
    "prodMigrations",
    "push",
    "rawRelations",
    "rawTables",
    "relations",
    "relationshipsSuffix",
    "schema",
    "schemaName",
    "sessions",
    "tableNameMap",
    "tables",
    "tablesFilter",
    "transactionOptions",
    "versionsSuffix",
    "connect",
    "count",
    "countDistinct",
    "countGlobalVersions",
    "countVersions",
    "create",
    "createGlobal",
    "createGlobalVersion",
    "createJSONQuery",
    "createVersion",
    "defaultIDType",
    "deleteMany",
    "deleteOne",
    "deleteVersions",
    "deleteWhere",
    "destroy",
    "dropDatabase",
    "execute",
    "find",
    "findDistinct",
    "findGlobal",
    "findGlobalVersions",
    "findOne",
    "findVersions",
    "init",
    "insert",
    "migrationDir",
    "packageName",
    "payload",
    "queryDrafts",
    "readReplicaOptions",
    "rejectInitializing",
    "requireDrizzleKit",
    "resolveInitializing",
    "updateGlobal",
    "updateGlobalVersion",
    "updateMany",
    "updateOne",
    "updateVersion",
    "upsert",
    "bulkOperationsSingleTransaction",
    "blocksToJsonMigrator"
  ],
  "hasDrizzle": true,
  "hasSchema": true
}
Build Schema Error: Names must only contain [_a-zA-Z0-9] but "Payload_locked_documents_relsForm-submissionsIDfiltersOr" does not.
GraphQLError: Names must only contain [_a-zA-Z0-9] but "Payload_locked_documents_relsForm-submissionsIDfiltersOr" does not.
    at assertName (C:\Users\Veronica Smith\OneDrive\Documents\hodgeluke-ecommerce\node_modules\.pnpm\graphql@16.12.0\node_modules\graphql\type\assertName.js:31:13)
    at new GraphQLInputObjectType (C:\Users\Veronica Smith\OneDrive\Documents\hodgeluke-ecommerce\node_modules\.pnpm\graphql@16.12.0\node_modules\graphql\type\definition.js:1276:44)
    at generateColumnFilterValues (webpack-internal:///(rsc)/./node_modules/.pnpm/drizzle-graphql@0.8.5_drizz_9d28939b4ec7d040112e62b08d0b73ae/node_modules/drizzle-graphql/index.js:360:13)
    at eval (webpack-internal:///(rsc)/./node_modules/.pnpm/drizzle-graphql@0.8.5_drizz_9d28939b4ec7d040112e62b08d0b73ae/node_modules/drizzle-graphql/index.js:395:15)
    at Array.map (<anonymous>)
    at generateTableFilterValuesCached (webpack-internal:///(rsc)/./node_modules/.pnpm/drizzle-graphql@0.8.5_drizz_9d28939b4ec7d040112e62b08d0b73ae/node_modules/drizzle-graphql/index.js:392:19)
    at generateTableFilterTypeCached (webpack-internal:///(rsc)/./node_modules/.pnpm/drizzle-graphql@0.8.5_drizz_9d28939b4ec7d040112e62b08d0b73ae/node_modules/drizzle-graphql/index.js:433:25)
    at generateSelectFields (webpack-internal:///(rsc)/./node_modules/.pnpm/drizzle-graphql@0.8.5_drizz_9d28939b4ec7d040112e62b08d0b73ae/node_modules/drizzle-graphql/index.js:458:19)
    at generateSelectFields (webpack-internal:///(rsc)/./node_modules/.pnpm/drizzle-graphql@0.8.5_drizz_9d28939b4ec7d040112e62b08d0b73ae/node_modules/drizzle-graphql/index.js:474:21)
    at generateTableTypes (webpack-internal:///(rsc)/./node_modules/.pnpm/drizzle-graphql@0.8.5_drizz_9d28939b4ec7d040112e62b08d0b73ae/node_modules/drizzle-graphql/index.js:518:59)
    at eval (webpack-internal:///(rsc)/./node_modules/.pnpm/drizzle-graphql@0.8.5_drizz_9d28939b4ec7d040112e62b08d0b73ae/node_modules/drizzle-graphql/index.js:1374:7)
    at Array.map (<anonymous>)
    at generateSchemaData2 (webpack-internal:///(rsc)/./node_modules/.pnpm/drizzle-graphql@0.8.5_drizz_9d28939b4ec7d040112e62b08d0b73ae/node_modules/drizzle-graphql/index.js:1372:28)
    at buildSchema (webpack-internal:///(rsc)/./node_modules/.pnpm/drizzle-graphql@0.8.5_drizz_9d28939b4ec7d040112e62b08d0b73ae/node_modules/drizzle-graphql/index.js:1837:23)
    at getYoga (webpack-internal:///(rsc)/./src/app/api/agent-graphql/route.ts:38:88)
    at async POST (webpack-internal:///(rsc)/./src/app/api/agent-graphql/route.ts:58:18)
    at async AppRouteRouteModule.do (C:\Users\Veronica Smith\OneDrive\Documents\hodgeluke-ecommerce\node_modules\.pnpm\next@15.4.11_@babel+core@7._05a4087ce4ce8e69bad7500573e3a3c3\node_modules\next\dist\compiled\next-server\app-route.runtime.dev.js:5:38782)
    at async AppRouteRouteModule.handle (C:\Users\Veronica Smith\OneDrive\Documents\hodgeluke-ecommerce\node_modules\.pnpm\next@15.4.11_@babel+core@7._05a4087ce4ce8e69bad7500573e3a3c3\node_modules\next\dist\compiled\next-server\app-route.runtime.dev.js:5:45984)
    at async responseGenerator (webpack-internal:///(rsc)/./node_modules/.pnpm/next@15.4.11_@babel+core@7._05a4087ce4ce8e69bad7500573e3a3c3/node_modules/next/dist/build/webpack/loaders/next-app-loader/index.js?name=app%2Fapi%2Fagent-graphql%2Froute&page=%2Fapi%2Fagent-graphql%2Froute&appPaths=&pagePath=private-next-app-dir%2Fapi%2Fagent-graphql%2Froute.ts&appDir=C%3A%5CUsers%5CVeronica%20Smith%5COneDrive%5CDocuments%5Chodgeluke-ecommerce%5Csrc%5Capp&pageExtensions=tsx&pageExtensions=ts&pageExtensions=jsx&pageExtensions=js&rootDir=C%3A%5CUsers%5CVeronica%20Smith%5COneDrive%5CDocuments%5Chodgeluke-ecommerce&isDev=true&tsconfigPath=tsconfig.json&basePath=&assetPrefix=&nextConfigOutput=&preferredRegion=&middlewareConfig=e30%3D&isGlobalNotFoundEnabled=!:206:38)
    at async AppRouteRouteModule.handleResponse (C:\Users\Veronica Smith\OneDrive\Documents\hodgeluke-ecommerce\node_modules\.pnpm\next@15.4.11_@babel+core@7._05a4087ce4ce8e69bad7500573e3a3c3\node_modules\next\dist\compiled\next-server\app-route.runtime.dev.js:1:183692)
    at async handleResponse (webpack-internal:///(rsc)/./node_modules/.pnpm/next@15.4.11_@babel+core@7._05a4087ce4ce8e69bad7500573e3a3c3/node_modules/next/dist/build/webpack/loaders/next-app-loader/index.js?name=app%2Fapi%2Fagent-graphql%2Froute&page=%2Fapi%2Fagent-graphql%2Froute&appPaths=&pagePath=private-next-app-dir%2Fapi%2Fagent-graphql%2Froute.ts&appDir=C%3A%5CUsers%5CVeronica%20Smith%5COneDrive%5CDocuments%5Chodgeluke-ecommerce%5Csrc%5Capp&pageExtensions=tsx&pageExtensions=ts&pageExtensions=jsx&pageExtensions=js&rootDir=C%3A%5CUsers%5CVeronica%20Smith%5COneDrive%5CDocuments%5Chodgeluke-ecommerce&isDev=true&tsconfigPath=tsconfig.json&basePath=&assetPrefix=&nextConfigOutput=&preferredRegion=&middlewareConfig=e30%3D&isGlobalNotFoundEnabled=!:268:32)
    at async handler (webpack-internal:///(rsc)/./node_modules/.pnpm/next@15.4.11_@babel+core@7._05a4087ce4ce8e69bad7500573e3a3c3/node_modules/next/dist/build/webpack/loaders/next-app-loader/index.js?name=app%2Fapi%2Fagent-graphql%2Froute&page=%2Fapi%2Fagent-graphql%2Froute&appPaths=&pagePath=private-next-app-dir%2Fapi%2Fagent-graphql%2Froute.ts&appDir=C%3A%5CUsers%5CVeronica%20Smith%5COneDrive%5CDocuments%5Chodgeluke-ecommerce%5Csrc%5Capp&pageExtensions=tsx&pageExtensions=ts&pageExtensions=jsx&pageExtensions=js&rootDir=C%3A%5CUsers%5CVeronica%20Smith%5COneDrive%5CDocuments%5Chodgeluke-ecommerce&isDev=true&tsconfigPath=tsconfig.json&basePath=&assetPrefix=&nextConfigOutput=&preferredRegion=&middlewareConfig=e30%3D&isGlobalNotFoundEnabled=!:320:13)
    at async doRender (C:\Users\Veronica Smith\OneDrive\Documents\hodgeluke-ecommerce\node_modules\.pnpm\next@15.4.11_@babel+core@7._05a4087ce4ce8e69bad7500573e3a3c3\node_modules\next\dist\server\base-server.js:1592:34)
    at async DevServer.renderToResponseWithComponentsImpl (C:\Users\Veronica Smith\OneDrive\Documents\hodgeluke-ecommerce\node_modules\.pnpm\next@15.4.11_@babel+core@7._05a4087ce4ce8e69bad7500573e3a3c3\node_modules\next\dist\server\base-server.js:1934:13)
    at async DevServer.renderPageComponent (C:\Users\Veronica Smith\OneDrive\Documents\hodgeluke-ecommerce\node_modules\.pnpm\next@15.4.11_@babel+core@7._05a4087ce4ce8e69bad7500573e3a3c3\node_modules\next\dist\server\base-server.js:2400:24)
    at async DevServer.renderToResponseImpl (C:\Users\Veronica Smith\OneDrive\Documents\hodgeluke-ecommerce\node_modules\.pnpm\next@15.4.11_@babel+core@7._05a4087ce4ce8e69bad7500573e3a3c3\node_modules\next\dist\server\base-server.js:2440:32)
    at async DevServer.pipeImpl (C:\Users\Veronica Smith\OneDrive\Documents\hodgeluke-ecommerce\node_modules\.pnpm\next@15.4.11_@babel+core@7._05a4087ce4ce8e69bad7500573e3a3c3\node_modules\next\dist\server\base-server.js:1035:25)
    at async NextNodeServer.handleCatchallRenderRequest (C:\Users\Veronica Smith\OneDrive\Documents\hodgeluke-ecommerce\node_modules\.pnpm\next@15.4.11_@babel+core@7._05a4087ce4ce8e69bad7500573e3a3c3\node_modules\next\dist\server\next-server.js:393:17)
    at async DevServer.handleRequestImpl (C:\Users\Veronica Smith\OneDrive\Documents\hodgeluke-ecommerce\node_modules\.pnpm\next@15.4.11_@babel+core@7._05a4087ce4ce8e69bad7500573e3a3c3\node_modules\next\dist\server\base-server.js:925:17)
    at async C:\Users\Veronica Smith\OneDrive\Documents\hodgeluke-ecommerce\node_modules\.pnpm\next@15.4.11_@babel+core@7._05a4087ce4ce8e69bad7500573e3a3c3\node_modules\next\dist\server\dev\next-dev-server.js:398:20
    at async Span.traceAsyncFn (C:\Users\Veronica Smith\OneDrive\Documents\hodgeluke-ecommerce\node_modules\.pnpm\next@15.4.11_@babel+core@7._05a4087ce4ce8e69bad7500573e3a3c3\node_modules\next\dist\trace\trace.js:157:20)
    at async DevServer.handleRequest (C:\Users\Veronica Smith\OneDrive\Documents\hodgeluke-ecommerce\node_modules\.pnpm\next@15.4.11_@babel+core@7._05a4087ce4ce8e69bad7500573e3a3c3\node_modules\next\dist\server\dev\next-dev-server.js:394:24)
    at async invokeRender (C:\Users\Veronica Smith\OneDrive\Documents\hodgeluke-ecommerce\node_modules\.pnpm\next@15.4.11_@babel+core@7._05a4087ce4ce8e69bad7500573e3a3c3\node_modules\next\dist\server\lib\router-server.js:239:21)
    at async handleRequest (C:\Users\Veronica Smith\OneDrive\Documents\hodgeluke-ecommerce\node_modules\.pnpm\next@15.4.11_@babel+core@7._05a4087ce4ce8e69bad7500573e3a3c3\node_modules\next\dist\server\lib\router-server.js:436:24)
    at async requestHandlerImpl (C:\Users\Veronica Smith\OneDrive\Documents\hodgeluke-ecommerce\node_modules\.pnpm\next@15.4.11_@babel+core@7._05a4087ce4ce8e69bad7500573e3a3c3\node_modules\next\dist\server\lib\router-server.js:464:13)
    at async Server.requestListener (C:\Users\Veronica Smith\OneDrive\Documents\hodgeluke-ecommerce\node_modules\.pnpm\next@15.4.11_@babel+core@7._05a4087ce4ce8e69bad7500573e3a3c3\node_modules\next\dist\server\lib\start-server.js:218:13)
Schema Keys: [
  "pgSchema",
  "users_roles",
  "users_sessions",
  "users",
  "pages_hero_links",
  "pages_blocks_cta_links",
  "pages_blocks_cta",
  "pages_blocks_content_columns",
  "pages_blocks_content",
  "pages_blocks_media_block",
  "pages_blocks_archive",
  "pages_blocks_carousel",
  "pages_blocks_three_item_grid",
  "pages_blocks_banner",
  "pages_blocks_form_block",
  "pages",
  "pages_rels",
  "_pages_v_version_hero_links",
  "_pages_v_blocks_cta_links",
  "_pages_v_blocks_cta",
  "_pages_v_blocks_content_columns",
  "_pages_v_blocks_content",
  "_pages_v_blocks_media_block",
  "_pages_v_blocks_archive",
  "_pages_v_blocks_carousel",
  "_pages_v_blocks_three_item_grid",
  "_pages_v_blocks_banner",
  "_pages_v_blocks_form_block",
  "_pages_v",
  "_pages_v_rels",
  "categories",
  "media",
  "forms_blocks_checkbox",
  "forms_blocks_country",
  "forms_blocks_email",
  "forms_blocks_message",
  "forms_blocks_number",
  "forms_blocks_select_options",
  "forms_blocks_select",
  "forms_blocks_state",
  "forms_blocks_text",
  "forms_blocks_textarea",
  "forms_emails",
  "forms",
  "form_submissions_submission_data",
  "form_submissions",
  "addresses",
  "variants",
  "variants_rels",
  "_variants_v",
  "_variants_v_rels",
  "variant_types",
  "variant_options",
  "products_gallery",
  "products_blocks_cta_links",
  "products_blocks_cta",
  "products_blocks_content_columns",
  "products_blocks_content",
  "products_blocks_media_block",
  "products",
  "products_rels",
  "_products_v_version_gallery",
  "_products_v_blocks_cta_links",
  "_products_v_blocks_cta",
  "_products_v_blocks_content_columns",
  "_products_v_blocks_content",
  "_products_v_blocks_media_block",
  "_products_v",
  "_products_v_rels",
  "carts_items",
  "carts",
  "orders_items",
  "orders",
  "orders_rels",
  "transactions_items",
  "transactions",
  "payload_kv",
  "payload_locked_documents",
  "payload_locked_documents_rels",
  "payload_preferences",
  "payload_preferences_rels",
  "payload_migrations",
  "header_nav_items",
  "header",
  "header_rels",
  "footer_nav_items",
  "footer",
  "footer_rels",
  "relations_users_roles",
  "relations_users_sessions",
  "relations_users",
  "relations_pages_hero_links",
  "relations_pages_blocks_cta_links",
  "relations_pages_blocks_cta",
  "relations_pages_blocks_content_columns",
  "relations_pages_blocks_content",
  "relations_pages_blocks_media_block",
  "relations_pages_blocks_archive",
  "relations_pages_blocks_carousel",
  "relations_pages_blocks_three_item_grid",
  "relations_pages_blocks_banner",
  "relations_pages_blocks_form_block",
  "relations_pages_rels",
  "relations_pages",
  "relations__pages_v_version_hero_links",
  "relations__pages_v_blocks_cta_links",
  "relations__pages_v_blocks_cta",
  "relations__pages_v_blocks_content_columns",
  "relations__pages_v_blocks_content",
  "relations__pages_v_blocks_media_block",
  "relations__pages_v_blocks_archive",
  "relations__pages_v_blocks_carousel",
  "relations__pages_v_blocks_three_item_grid",
  "relations__pages_v_blocks_banner",
  "relations__pages_v_blocks_form_block",
  "relations__pages_v_rels",
  "relations__pages_v",
  "relations_categories",
  "relations_media",
  "relations_forms_blocks_checkbox",
  "relations_forms_blocks_country",
  "relations_forms_blocks_email",
  "relations_forms_blocks_message",
  "relations_forms_blocks_number",
  "relations_forms_blocks_select_options",
  "relations_forms_blocks_select",
  "relations_forms_blocks_state",
  "relations_forms_blocks_text",
  "relations_forms_blocks_textarea",
  "relations_forms_emails",
  "relations_forms",
  "relations_form_submissions_submission_data",
  "relations_form_submissions",
  "relations_addresses",
  "relations_variants_rels",
  "relations_variants",
  "relations__variants_v_rels",
  "relations__variants_v",
  "relations_variant_types",
  "relations_variant_options",
  "relations_products_gallery",
  "relations_products_blocks_cta_links",
  "relations_products_blocks_cta",
  "relations_products_blocks_content_columns",
  "relations_products_blocks_content",
  "relations_products_blocks_media_block",
  "relations_products_rels",
  "relations_products",
  "relations__products_v_version_gallery",
  "relations__products_v_blocks_cta_links",
  "relations__products_v_blocks_cta",
  "relations__products_v_blocks_content_columns",
  "relations__products_v_blocks_content",
  "relations__products_v_blocks_media_block",
  "relations__products_v_rels",
  "relations__products_v",
  "relations_carts_items",
  "relations_carts",
  "relations_orders_items",
  "relations_orders_rels",
  "relations_orders",
  "relations_transactions_items",
  "relations_transactions",
  "relations_payload_kv",
  "relations_payload_locked_documents_rels",
  "relations_payload_locked_documents",
  "relations_payload_preferences_rels",
  "relations_payload_preferences",
  "relations_payload_migrations",
  "relations_header_nav_items",
  "relations_header_rels",
  "relations_header",
  "relations_footer_nav_items",
  "relations_footer_rels",
  "relations_footer",
  "enum_users_roles",
  "enum_pages_hero_links_link_type",
  "enum_pages_hero_links_link_appearance",
  "enum_pages_blocks_cta_links_link_type",
  "enum_pages_blocks_cta_links_link_appearance",
  "enum_pages_blocks_content_columns_size",
  "enum_pages_blocks_content_columns_link_type",
  "enum_pages_blocks_content_columns_link_appearance",
  "enum_pages_blocks_archive_populate_by",
  "enum_pages_blocks_archive_relation_to",
  "enum_pages_blocks_carousel_populate_by",
  "enum_pages_blocks_carousel_relation_to",
  "enum_pages_blocks_banner_style",
  "enum_pages_hero_type",
  "enum_pages_status",
  "enum__pages_v_version_hero_links_link_type",
  "enum__pages_v_version_hero_links_link_appearance",
  "enum__pages_v_blocks_cta_links_link_type",
  "enum__pages_v_blocks_cta_links_link_appearance",
  "enum__pages_v_blocks_content_columns_size",
  "enum__pages_v_blocks_content_columns_link_type",
  "enum__pages_v_blocks_content_columns_link_appearance",
  "enum__pages_v_blocks_archive_populate_by",
  "enum__pages_v_blocks_archive_relation_to",
  "enum__pages_v_blocks_carousel_populate_by",
  "enum__pages_v_blocks_carousel_relation_to",
  "enum__pages_v_blocks_banner_style",
  "enum__pages_v_version_hero_type",
  "enum__pages_v_version_status",
  "enum_forms_confirmation_type",
  "enum_addresses_country",
  "enum_variants_status",
  "enum__variants_v_version_status",
  "enum_products_blocks_cta_links_link_type",
  "enum_products_blocks_cta_links_link_appearance",
  "enum_products_blocks_content_columns_size",
  "enum_products_blocks_content_columns_link_type",
  "enum_products_blocks_content_columns_link_appearance",
  "enum_products_status",
  "enum__products_v_blocks_cta_links_link_type",
  "enum__products_v_blocks_cta_links_link_appearance",
  "enum__products_v_blocks_content_columns_size",
  "enum__products_v_blocks_content_columns_link_type",
  "enum__products_v_blocks_content_columns_link_appearance",
  "enum__products_v_version_status",
  "enum_carts_currency",
  "enum_orders_status",
  "enum_orders_currency",
  "enum_transactions_payment_method",
  "enum_transactions_status",
  "enum_transactions_currency",
  "enum_header_nav_items_link_type",
  "enum_footer_nav_items_link_type"
]
Build Schema Error: Names must only contain [_a-zA-Z0-9] but "Payload_locked_documents_relsForm-submissionsIDfiltersOr" does not.
Schema Keys: [
  "pgSchema",
  "users_roles",
  "users_sessions",
  "users",
  "pages_hero_links",
  "pages_blocks_cta_links",
  "pages_blocks_cta",
  "pages_blocks_content_columns",
  "pages_blocks_content",
  "pages_blocks_media_block",
  "pages_blocks_archive",
  "pages_blocks_carousel",
  "pages_blocks_three_item_grid",
  "pages_blocks_banner",
  "pages_blocks_form_block",
  "pages",
  "pages_rels",
  "_pages_v_version_hero_links",
  "_pages_v_blocks_cta_links",
  "_pages_v_blocks_cta",
  "_pages_v_blocks_content_columns",
  "_pages_v_blocks_content",
  "_pages_v_blocks_media_block",
  "_pages_v_blocks_archive",
  "_pages_v_blocks_carousel",
  "_pages_v_blocks_three_item_grid",
  "_pages_v_blocks_banner",
  "_pages_v_blocks_form_block",
  "_pages_v",
  "_pages_v_rels",
  "categories",
  "media",
  "forms_blocks_checkbox",
  "forms_blocks_country",
  "forms_blocks_email",
  "forms_blocks_message",
  "forms_blocks_number",
  "forms_blocks_select_options",
  "forms_blocks_select",
  "forms_blocks_state",
  "forms_blocks_text",
  "forms_blocks_textarea",
  "forms_emails",
  "forms",
  "form_submissions_submission_data",
  "form_submissions",
  "addresses",
  "variants",
  "variants_rels",
  "_variants_v",
  "_variants_v_rels",
  "variant_types",
  "variant_options",
  "products_gallery",
  "products_blocks_cta_links",
  "products_blocks_cta",
  "products_blocks_content_columns",
  "products_blocks_content",
  "products_blocks_media_block",
  "products",
  "products_rels",
  "_products_v_version_gallery",
  "_products_v_blocks_cta_links",
  "_products_v_blocks_cta",
  "_products_v_blocks_content_columns",
  "_products_v_blocks_content",
  "_products_v_blocks_media_block",
  "_products_v",
  "_products_v_rels",
  "carts_items",
  "carts",
  "orders_items",
  "orders",
  "orders_rels",
  "transactions_items",
  "transactions",
  "payload_kv",
  "payload_locked_documents",
  "payload_locked_documents_rels",
  "payload_preferences",
  "payload_preferences_rels",
  "payload_migrations",
  "header_nav_items",
  "header",
  "header_rels",
  "footer_nav_items",
  "footer",
  "footer_rels",
  "relations_users_roles",
  "relations_users_sessions",
  "relations_users",
  "relations_pages_hero_links",
  "relations_pages_blocks_cta_links",
  "relations_pages_blocks_cta",
  "relations_pages_blocks_content_columns",
  "relations_pages_blocks_content",
  "relations_pages_blocks_media_block",
  "relations_pages_blocks_archive",
  "relations_pages_blocks_carousel",
  "relations_pages_blocks_three_item_grid",
  "relations_pages_blocks_banner",
  "relations_pages_blocks_form_block",
  "relations_pages_rels",
  "relations_pages",
  "relations__pages_v_version_hero_links",
  "relations__pages_v_blocks_cta_links",
  "relations__pages_v_blocks_cta",
  "relations__pages_v_blocks_content_columns",
  "relations__pages_v_blocks_content",
  "relations__pages_v_blocks_media_block",
  "relations__pages_v_blocks_archive",
  "relations__pages_v_blocks_carousel",
  "relations__pages_v_blocks_three_item_grid",
  "relations__pages_v_blocks_banner",
  "relations__pages_v_blocks_form_block",
  "relations__pages_v_rels",
  "relations__pages_v",
  "relations_categories",
  "relations_media",
  "relations_forms_blocks_checkbox",
  "relations_forms_blocks_country",
  "relations_forms_blocks_email",
  "relations_forms_blocks_message",
  "relations_forms_blocks_number",
  "relations_forms_blocks_select_options",
  "relations_forms_blocks_select",
  "relations_forms_blocks_state",
  "relations_forms_blocks_text",
  "relations_forms_blocks_textarea",
  "relations_forms_emails",
  "relations_forms",
  "relations_form_submissions_submission_data",
  "relations_form_submissions",
  "relations_addresses",
  "relations_variants_rels",
  "relations_variants",
  "relations__variants_v_rels",
  "relations__variants_v",
  "relations_variant_types",
  "relations_variant_options",
  "relations_products_gallery",
  "relations_products_blocks_cta_links",
  "relations_products_blocks_cta",
  "relations_products_blocks_content_columns",
  "relations_products_blocks_content",
  "relations_products_blocks_media_block",
  "relations_products_rels",
  "relations_products",
  "relations__products_v_version_gallery",
  "relations__products_v_blocks_cta_links",
  "relations__products_v_blocks_cta",
  "relations__products_v_blocks_content_columns",
  "relations__products_v_blocks_content",
  "relations__products_v_blocks_media_block",
  "relations__products_v_rels",
  "relations__products_v",
  "relations_carts_items",
  "relations_carts",
  "relations_orders_items",
  "relations_orders_rels",
  "relations_orders",
  "relations_transactions_items",
  "relations_transactions",
  "relations_payload_kv",
  "relations_payload_locked_documents_rels",
  "relations_payload_locked_documents",
  "relations_payload_preferences_rels",
  "relations_payload_preferences",
  "relations_payload_migrations",
  "relations_header_nav_items",
  "relations_header_rels",
  "relations_header",
  "relations_footer_nav_items",
  "relations_footer_rels",
  "relations_footer",
  "enum_users_roles",
  "enum_pages_hero_links_link_type",
  "enum_pages_hero_links_link_appearance",
  "enum_pages_blocks_cta_links_link_type",
  "enum_pages_blocks_cta_links_link_appearance",
  "enum_pages_blocks_content_columns_size",
  "enum_pages_blocks_content_columns_link_type",
  "enum_pages_blocks_content_columns_link_appearance",
  "enum_pages_blocks_archive_populate_by",
  "enum_pages_blocks_archive_relation_to",
  "enum_pages_blocks_carousel_populate_by",
  "enum_pages_blocks_carousel_relation_to",
  "enum_pages_blocks_banner_style",
  "enum_pages_hero_type",
  "enum_pages_status",
  "enum__pages_v_version_hero_links_link_type",
  "enum__pages_v_version_hero_links_link_appearance",
  "enum__pages_v_blocks_cta_links_link_type",
  "enum__pages_v_blocks_cta_links_link_appearance",
  "enum__pages_v_blocks_content_columns_size",
  "enum__pages_v_blocks_content_columns_link_type",
  "enum__pages_v_blocks_content_columns_link_appearance",
  "enum__pages_v_blocks_archive_populate_by",
  "enum__pages_v_blocks_archive_relation_to",
  "enum__pages_v_blocks_carousel_populate_by",
  "enum__pages_v_blocks_carousel_relation_to",
  "enum__pages_v_blocks_banner_style",
  "enum__pages_v_version_hero_type",
  "enum__pages_v_version_status",
  "enum_forms_confirmation_type",
  "enum_addresses_country",
  "enum_variants_status",
  "enum__variants_v_version_status",
  "enum_products_blocks_cta_links_link_type",
  "enum_products_blocks_cta_links_link_appearance",
  "enum_products_blocks_content_columns_size",
  "enum_products_blocks_content_columns_link_type",
  "enum_products_blocks_content_columns_link_appearance",
  "enum_products_status",
  "enum__products_v_blocks_cta_links_link_type",
  "enum__products_v_blocks_cta_links_link_appearance",
  "enum__products_v_blocks_content_columns_size",
  "enum__products_v_blocks_content_columns_link_type",
  "enum__products_v_blocks_content_columns_link_appearance",
  "enum__products_v_version_status",
  "enum_carts_currency",
  "enum_orders_status",
  "enum_orders_currency",
  "enum_transactions_payment_method",
  "enum_transactions_status",
  "enum_transactions_currency",
  "enum_header_nav_items_link_type",
  "enum_footer_nav_items_link_type"
]
Build Schema Error: Drizzle-GraphQL Error: Unknown database instance type
Sample Relation: {
  "table": "[Table]"
}
Build Schema Error: Drizzle-GraphQL Error: Unknown database instance type
Table Columns: []
Build Schema Error: Drizzle-GraphQL Error: Unknown database instance type
Table Columns: []
Build Schema Final Error: Names must only contain [_a-zA-Z0-9] but "Payload_locked_documents_relsForm-submissionsIDfiltersOr" does not.
Table Columns: []
Table Columns: []
